2026-03-17T16:42:50.840Z INFO Is remote: false
2026-03-17T16:42:50.841Z INFO Starting Local. Installation path: c:\
2026-03-17T16:42:50.843Z INFO [MainProvider] Creating new MainProvider instance...
2026-03-17T16:42:50.844Z INFO [TabsManager] Code view listener set up at initialization
2026-03-17T16:42:50.845Z INFO Installation path exists: c:\
2026-03-17T16:42:50.846Z INFO Initializing database with URL: file:c:\pythagora-core\data\database\pythagora.db
2026-03-17T16:42:50.849Z INFO Database file exists, skipping prisma generate/push for faster startup
2026-03-17T16:42:50.849Z INFO Database initialized successfully
2026-03-17T16:42:50.850Z INFO [Migration] Checking for database migration...
2026-03-17T16:42:51.008Z INFO [Migration] No migration needed
2026-03-17T16:46:18.401Z INFO Closing entire Pythagora extension...
2026-03-17T16:46:18.412Z ERROR Error closing extension
Error: Canceled
Stack: Canceled: Canceled
	at new aI (file:///c:/Users/yasva/AppData/Local/Programs/Microsoft%20VS%20Code/ce099c1ed2/resources/app/out/vs/workbench/api/node/extensionHostProcess.js:407:147949)
	at r._remoteCall (file:///c:/Users/yasva/AppData/Local/Programs/Microsoft%20VS%20Code/ce099c1ed2/resources/app/out/vs/workbench/api/node/extensionHostProcess.js:407:154001)
	at i.<computed>.s.charCodeAt.i.<computed> (file:///c:/Users/yasva/AppData/Local/Programs/Microsoft%20VS%20Code/ce099c1ed2/resources/app/out/vs/workbench/api/node/extensionHostProcess.js:407:150796)
	at Zm._doExecuteCommand (file:///c:/Users/yasva/AppData/Local/Programs/Microsoft%20VS%20Code/ce099c1ed2/resources/app/out/vs/workbench/api/node/extensionHostProcess.js:494:48120)
	at Zm.executeCommand (file:///c:/Users/yasva/AppData/Local/Programs/Microsoft%20VS%20Code/ce099c1ed2/resources/app/out/vs/workbench/api/node/extensionHostProcess.js:494:47567)
	at Object.executeCommand (file:///c:/Users/yasva/AppData/Local/Programs/Microsoft%20VS%20Code/ce099c1ed2/resources/app/out/vs/workbench/api/node/extensionHostProcess.js:608:129144)
	at closeEntirePythagoraExtension (c:\Users\yasva\.vscode\extensions\pythagoratechnologies.pythagora-vs-code-2.6.19\out\extension.js:542:31)
	at Object.deactivate (c:\Users\yasva\.vscode\extensions\pythagoratechnologies.pythagora-vs-code-2.6.19\out\extension.js:409:15)
	at ck._deactivate (file:///c:/Users/yasva/AppData/Local/Programs/Microsoft%20VS%20Code/ce099c1ed2/resources/app/out/vs/workbench/api/node/extensionHostProcess.js:498:14479)
	at file:///c:/Users/yasva/AppData/Local/Programs/Microsoft%20VS%20Code/ce099c1ed2/resources/app/out/vs/workbench/api/node/extensionHostProcess.js:498:12006
	at Array.map (<anonymous>)
	at ck._deactivateAll (file:///c:/Users/yasva/AppData/Local/Programs/Microsoft%20VS%20Code/ce099c1ed2/resources/app/out/vs/workbench/api/node/extensionHostProcess.js:498:11994)
	at ck.terminate (file:///c:/Users/yasva/AppData/Local/Programs/Microsoft%20VS%20Code/ce099c1ed2/resources/app/out/vs/workbench/api/node/extensionHostProcess.js:498:12345)
	at r.terminate (file:///c:/Users/yasva/AppData/Local/Programs/Microsoft%20VS%20Code/ce099c1ed2/resources/app/out/vs/workbench/api/node/extensionHostProcess.js:500:1072)
	at Fs (file:///c:/Users/yasva/AppData/Local/Programs/Microsoft%20VS%20Code/ce099c1ed2/resources/app/out/vs/workbench/api/node/extensionHostProcess.js:800:11700)
	at MessagePortMain.<anonymous> (file:///c:/Users/yasva/AppData/Local/Programs/Microsoft%20VS%20Code/ce099c1ed2/resources/app/out/vs/workbench/api/node/extensionHostProcess.js:800:8122)
	at MessagePortMain.emit (node:events:519:28)
	at MessagePortMain.emit (node:domain:489:12)
	at MessagePortMain._internalPort.emit (node:electron/js2c/utility_init:2:2959)
Extra context: {
  "message": "Canceled"
}
2026-03-17T16:46:39.641Z INFO Is remote: false
2026-03-17T16:46:39.643Z INFO Starting Local. Installation path: c:\
2026-03-17T16:46:39.644Z INFO [MainProvider] Creating new MainProvider instance...
2026-03-17T16:46:39.646Z INFO [TabsManager] Code view listener set up at initialization
2026-03-17T16:46:39.647Z INFO Installation path exists: c:\
2026-03-17T16:46:39.647Z INFO Initializing database with URL: file:c:\pythagora-core\data\database\pythagora.db
2026-03-17T16:46:39.651Z INFO Database file exists, skipping prisma generate/push for faster startup
2026-03-17T16:46:39.652Z INFO Database initialized successfully
2026-03-17T16:46:39.653Z INFO [Migration] Checking for database migration...
2026-03-17T16:46:39.739Z INFO [Migration] No migration needed
2026-03-17T16:46:45.814Z INFO [TabsManager] First file opened, triggering split view
2026-03-17T16:46:45.814Z INFO [MainProvider] First file opened, creating split view
2026-03-17T16:46:55.838Z INFO [TabsManager] First file opened, triggering split view
2026-03-17T16:46:55.840Z INFO [MainProvider] First file opened, creating split view
2026-03-17T16:49:08.623Z INFO Is remote: false
2026-03-17T16:49:08.626Z INFO Starting Local. Installation path: c:\
2026-03-17T16:49:08.629Z INFO [MainProvider] Creating new MainProvider instance...
2026-03-17T16:49:08.633Z INFO [TabsManager] Code view listener set up at initialization
2026-03-17T16:49:08.636Z INFO Installation path exists: c:\
2026-03-17T16:49:08.641Z INFO Initializing database with URL: file:c:\pythagora-core\data\database\pythagora.db
2026-03-17T16:49:08.651Z INFO Database file exists, skipping prisma generate/push for faster startup
2026-03-17T16:49:08.653Z INFO Database initialized successfully
2026-03-17T16:49:08.659Z INFO [Migration] Checking for database migration...
2026-03-17T16:49:08.980Z INFO [Migration] No migration needed
2026-03-17T16:53:27.054Z INFO Closing entire Pythagora extension...
2026-03-17T16:53:27.069Z ERROR Error closing extension
Error: Canceled
Stack: Canceled: Canceled
	at new aI (file:///c:/Users/yasva/AppData/Local/Programs/Microsoft%20VS%20Code/ce099c1ed2/resources/app/out/vs/workbench/api/node/extensionHostProcess.js:407:147949)
	at r._remoteCall (file:///c:/Users/yasva/AppData/Local/Programs/Microsoft%20VS%20Code/ce099c1ed2/resources/app/out/vs/workbench/api/node/extensionHostProcess.js:407:154001)
	at i.<computed>.s.charCodeAt.i.<computed> (file:///c:/Users/yasva/AppData/Local/Programs/Microsoft%20VS%20Code/ce099c1ed2/resources/app/out/vs/workbench/api/node/extensionHostProcess.js:407:150796)
	at Zm._doExecuteCommand (file:///c:/Users/yasva/AppData/Local/Programs/Microsoft%20VS%20Code/ce099c1ed2/resources/app/out/vs/workbench/api/node/extensionHostProcess.js:494:48120)
	at Zm.executeCommand (file:///c:/Users/yasva/AppData/Local/Programs/Microsoft%20VS%20Code/ce099c1ed2/resources/app/out/vs/workbench/api/node/extensionHostProcess.js:494:47567)
	at Object.executeCommand (file:///c:/Users/yasva/AppData/Local/Programs/Microsoft%20VS%20Code/ce099c1ed2/resources/app/out/vs/workbench/api/node/extensionHostProcess.js:608:129144)
	at closeEntirePythagoraExtension (c:\Users\yasva\.vscode\extensions\pythagoratechnologies.pythagora-vs-code-2.6.19\out\extension.js:542:31)
	at Object.deactivate (c:\Users\yasva\.vscode\extensions\pythagoratechnologies.pythagora-vs-code-2.6.19\out\extension.js:409:15)
	at ck._deactivate (file:///c:/Users/yasva/AppData/Local/Programs/Microsoft%20VS%20Code/ce099c1ed2/resources/app/out/vs/workbench/api/node/extensionHostProcess.js:498:14479)
	at file:///c:/Users/yasva/AppData/Local/Programs/Microsoft%20VS%20Code/ce099c1ed2/resources/app/out/vs/workbench/api/node/extensionHostProcess.js:498:12006
	at Array.map (<anonymous>)
	at ck._deactivateAll (file:///c:/Users/yasva/AppData/Local/Programs/Microsoft%20VS%20Code/ce099c1ed2/resources/app/out/vs/workbench/api/node/extensionHostProcess.js:498:11994)
	at ck.terminate (file:///c:/Users/yasva/AppData/Local/Programs/Microsoft%20VS%20Code/ce099c1ed2/resources/app/out/vs/workbench/api/node/extensionHostProcess.js:498:12345)
	at r.terminate (file:///c:/Users/yasva/AppData/Local/Programs/Microsoft%20VS%20Code/ce099c1ed2/resources/app/out/vs/workbench/api/node/extensionHostProcess.js:500:1072)
	at Fs (file:///c:/Users/yasva/AppData/Local/Programs/Microsoft%20VS%20Code/ce099c1ed2/resources/app/out/vs/workbench/api/node/extensionHostProcess.js:800:11700)
	at MessagePortMain.<anonymous> (file:///c:/Users/yasva/AppData/Local/Programs/Microsoft%20VS%20Code/ce099c1ed2/resources/app/out/vs/workbench/api/node/extensionHostProcess.js:800:8122)
	at MessagePortMain.emit (node:events:519:28)
	at MessagePortMain.emit (node:domain:489:12)
	at MessagePortMain._internalPort.emit (node:electron/js2c/utility_init:2:2959)
Extra context: {
  "message": "Canceled"
}
2026-03-17T16:54:15.016Z ERROR axios failed after all retries:
Error: getaddrinfo ENOTFOUND api.pythagora.ai
Stack: Error: getaddrinfo ENOTFOUND api.pythagora.ai
	at AxiosError.from (c:\Users\yasva\.vscode\extensions\pythagoratechnologies.pythagora-vs-code-2.6.19\node_modules\axios\dist\node\axios.cjs:857:14)
	at RedirectableRequest.handleRequestError (c:\Users\yasva\.vscode\extensions\pythagoratechnologies.pythagora-vs-code-2.6.19\node_modules\axios\dist\node\axios.cjs:3169:25)
	at RedirectableRequest.emit (node:events:519:28)
	at RedirectableRequest.emit (node:domain:489:12)
	at eventHandlers.<computed> (c:\Users\yasva\.vscode\extensions\pythagoratechnologies.pythagora-vs-code-2.6.19\node_modules\follow-redirects\index.js:49:24)
	at ClientRequest.emit (node:events:531:35)
	at ClientRequest.emit (node:domain:489:12)
	at emitErrorEvent (node:_http_client:107:11)
	at TLSSocket.socketErrorListener (node:_http_client:574:5)
	at TLSSocket.emit (node:events:519:28)
	at TLSSocket.emit (node:domain:489:12)
	at emitErrorNT (node:internal/streams/destroy:170:8)
	at emitErrorCloseNT (node:internal/streams/destroy:129:3)
	at process.processTicksAndRejections (node:internal/process/task_queues:90:21)
	at Axios.request (c:\Users\yasva\.vscode\extensions\pythagoratechnologies.pythagora-vs-code-2.6.19\node_modules\axios\dist\node\axios.cjs:4258:41)
	at process.processTicksAndRejections (node:internal/process/task_queues:105:5)
	at async c:\Users\yasva\.vscode\extensions\pythagoratechnologies.pythagora-vs-code-2.6.19\out\services\authService.js:20:67
	at async withRetry (c:\Users\yasva\.vscode\extensions\pythagoratechnologies.pythagora-vs-code-2.6.19\out\utils\axios.js:22:20)
	at async Object.refreshTokens (c:\Users\yasva\.vscode\extensions\pythagoratechnologies.pythagora-vs-code-2.6.19\out\services\authService.js:20:26)
	at async Timeout._onTimeout (c:\Users\yasva\.vscode\extensions\pythagoratechnologies.pythagora-vs-code-2.6.19\out\extension.js:279:13)
Extra context: {
  "code": "ENOTFOUND",
  "message": "getaddrinfo ENOTFOUND api.pythagora.ai"
}
2026-03-17T16:54:15.041Z ERROR Token refresh failed:
Error: getaddrinfo ENOTFOUND api.pythagora.ai
Stack: Error: getaddrinfo ENOTFOUND api.pythagora.ai
	at AxiosError.from (c:\Users\yasva\.vscode\extensions\pythagoratechnologies.pythagora-vs-code-2.6.19\node_modules\axios\dist\node\axios.cjs:857:14)
	at RedirectableRequest.handleRequestError (c:\Users\yasva\.vscode\extensions\pythagoratechnologies.pythagora-vs-code-2.6.19\node_modules\axios\dist\node\axios.cjs:3169:25)
	at RedirectableRequest.emit (node:events:519:28)
	at RedirectableRequest.emit (node:domain:489:12)
	at eventHandlers.<computed> (c:\Users\yasva\.vscode\extensions\pythagoratechnologies.pythagora-vs-code-2.6.19\node_modules\follow-redirects\index.js:49:24)
	at ClientRequest.emit (node:events:531:35)
	at ClientRequest.emit (node:domain:489:12)
	at emitErrorEvent (node:_http_client:107:11)
	at TLSSocket.socketErrorListener (node:_http_client:574:5)
	at TLSSocket.emit (node:events:519:28)
	at TLSSocket.emit (node:domain:489:12)
	at emitErrorNT (node:internal/streams/destroy:170:8)
	at emitErrorCloseNT (node:internal/streams/destroy:129:3)
	at process.processTicksAndRejections (node:internal/process/task_queues:90:21)
	at Axios.request (c:\Users\yasva\.vscode\extensions\pythagoratechnologies.pythagora-vs-code-2.6.19\node_modules\axios\dist\node\axios.cjs:4258:41)
	at process.processTicksAndRejections (node:internal/process/task_queues:105:5)
	at async c:\Users\yasva\.vscode\extensions\pythagoratechnologies.pythagora-vs-code-2.6.19\out\services\authService.js:20:67
	at async withRetry (c:\Users\yasva\.vscode\extensions\pythagoratechnologies.pythagora-vs-code-2.6.19\out\utils\axios.js:22:20)
	at async Object.refreshTokens (c:\Users\yasva\.vscode\extensions\pythagoratechnologies.pythagora-vs-code-2.6.19\out\services\authService.js:20:26)
	at async Timeout._onTimeout (c:\Users\yasva\.vscode\extensions\pythagoratechnologies.pythagora-vs-code-2.6.19\out\extension.js:279:13)
Extra context: {
  "code": "ENOTFOUND",
  "message": "getaddrinfo ENOTFOUND api.pythagora.ai"
}
2026-03-17T16:59:14.981Z ERROR axios failed after all retries:
Error: getaddrinfo ENOTFOUND api.pythagora.ai
Stack: Error: getaddrinfo ENOTFOUND api.pythagora.ai
	at AxiosError.from (c:\Users\yasva\.vscode\extensions\pythagoratechnologies.pythagora-vs-code-2.6.19\node_modules\axios\dist\node\axios.cjs:857:14)
	at RedirectableRequest.handleRequestError (c:\Users\yasva\.vscode\extensions\pythagoratechnologies.pythagora-vs-code-2.6.19\node_modules\axios\dist\node\axios.cjs:3169:25)
	at RedirectableRequest.emit (node:events:519:28)
	at RedirectableRequest.emit (node:domain:489:12)
	at eventHandlers.<computed> (c:\Users\yasva\.vscode\extensions\pythagoratechnologies.pythagora-vs-code-2.6.19\node_modules\follow-redirects\index.js:49:24)
	at ClientRequest.emit (node:events:531:35)
	at ClientRequest.emit (node:domain:489:12)
	at emitErrorEvent (node:_http_client:107:11)
	at TLSSocket.socketErrorListener (node:_http_client:574:5)
	at TLSSocket.emit (node:events:519:28)
	at TLSSocket.emit (node:domain:489:12)
	at emitErrorNT (node:internal/streams/destroy:170:8)
	at emitErrorCloseNT (node:internal/streams/destroy:129:3)
	at process.processTicksAndRejections (node:internal/process/task_queues:90:21)
	at Axios.request (c:\Users\yasva\.vscode\extensions\pythagoratechnologies.pythagora-vs-code-2.6.19\node_modules\axios\dist\node\axios.cjs:4258:41)
	at process.processTicksAndRejections (node:internal/process/task_queues:105:5)
	at async c:\Users\yasva\.vscode\extensions\pythagoratechnologies.pythagora-vs-code-2.6.19\out\services\authService.js:20:67
	at async withRetry (c:\Users\yasva\.vscode\extensions\pythagoratechnologies.pythagora-vs-code-2.6.19\out\utils\axios.js:22:20)
	at async Object.refreshTokens (c:\Users\yasva\.vscode\extensions\pythagoratechnologies.pythagora-vs-code-2.6.19\out\services\authService.js:20:26)
	at async Timeout._onTimeout (c:\Users\yasva\.vscode\extensions\pythagoratechnologies.pythagora-vs-code-2.6.19\out\extension.js:279:13)
Extra context: {
  "code": "ENOTFOUND",
  "message": "getaddrinfo ENOTFOUND api.pythagora.ai"
}
2026-03-17T16:59:14.988Z ERROR Token refresh failed:
Error: getaddrinfo ENOTFOUND api.pythagora.ai
Stack: Error: getaddrinfo ENOTFOUND api.pythagora.ai
	at AxiosError.from (c:\Users\yasva\.vscode\extensions\pythagoratechnologies.pythagora-vs-code-2.6.19\node_modules\axios\dist\node\axios.cjs:857:14)
	at RedirectableRequest.handleRequestError (c:\Users\yasva\.vscode\extensions\pythagoratechnologies.pythagora-vs-code-2.6.19\node_modules\axios\dist\node\axios.cjs:3169:25)
	at RedirectableRequest.emit (node:events:519:28)
	at RedirectableRequest.emit (node:domain:489:12)
	at eventHandlers.<computed> (c:\Users\yasva\.vscode\extensions\pythagoratechnologies.pythagora-vs-code-2.6.19\node_modules\follow-redirects\index.js:49:24)
	at ClientRequest.emit (node:events:531:35)
	at ClientRequest.emit (node:domain:489:12)
	at emitErrorEvent (node:_http_client:107:11)
	at TLSSocket.socketErrorListener (node:_http_client:574:5)
	at TLSSocket.emit (node:events:519:28)
	at TLSSocket.emit (node:domain:489:12)
	at emitErrorNT (node:internal/streams/destroy:170:8)
	at emitErrorCloseNT (node:internal/streams/destroy:129:3)
	at process.processTicksAndRejections (node:internal/process/task_queues:90:21)
	at Axios.request (c:\Users\yasva\.vscode\extensions\pythagoratechnologies.pythagora-vs-code-2.6.19\node_modules\axios\dist\node\axios.cjs:4258:41)
	at process.processTicksAndRejections (node:internal/process/task_queues:105:5)
	at async c:\Users\yasva\.vscode\extensions\pythagoratechnologies.pythagora-vs-code-2.6.19\out\services\authService.js:20:67
	at async withRetry (c:\Users\yasva\.vscode\extensions\pythagoratechnologies.pythagora-vs-code-2.6.19\out\utils\axios.js:22:20)
	at async Object.refreshTokens (c:\Users\yasva\.vscode\extensions\pythagoratechnologies.pythagora-vs-code-2.6.19\out\services\authService.js:20:26)
	at async Timeout._onTimeout (c:\Users\yasva\.vscode\extensions\pythagoratechnologies.pythagora-vs-code-2.6.19\out\extension.js:279:13)
Extra context: {
  "code": "ENOTFOUND",
  "message": "getaddrinfo ENOTFOUND api.pythagora.ai"
}
2026-03-17T17:04:15.029Z ERROR axios failed after all retries:
Error: getaddrinfo ENOTFOUND api.pythagora.ai
Stack: Error: getaddrinfo ENOTFOUND api.pythagora.ai
	at AxiosError.from (c:\Users\yasva\.vscode\extensions\pythagoratechnologies.pythagora-vs-code-2.6.19\node_modules\axios\dist\node\axios.cjs:857:14)
	at RedirectableRequest.handleRequestError (c:\Users\yasva\.vscode\extensions\pythagoratechnologies.pythagora-vs-code-2.6.19\node_modules\axios\dist\node\axios.cjs:3169:25)
	at RedirectableRequest.emit (node:events:519:28)
	at RedirectableRequest.emit (node:domain:489:12)
	at eventHandlers.<computed> (c:\Users\yasva\.vscode\extensions\pythagoratechnologies.pythagora-vs-code-2.6.19\node_modules\follow-redirects\index.js:49:24)
	at ClientRequest.emit (node:events:531:35)
	at ClientRequest.emit (node:domain:489:12)
	at emitErrorEvent (node:_http_client:107:11)
	at TLSSocket.socketErrorListener (node:_http_client:574:5)
	at TLSSocket.emit (node:events:519:28)
	at TLSSocket.emit (node:domain:489:12)
	at emitErrorNT (node:internal/streams/destroy:170:8)
	at emitErrorCloseNT (node:internal/streams/destroy:129:3)
	at process.processTicksAndRejections (node:internal/process/task_queues:90:21)
	at Axios.request (c:\Users\yasva\.vscode\extensions\pythagoratechnologies.pythagora-vs-code-2.6.19\node_modules\axios\dist\node\axios.cjs:4258:41)
	at process.processTicksAndRejections (node:internal/process/task_queues:105:5)
	at async c:\Users\yasva\.vscode\extensions\pythagoratechnologies.pythagora-vs-code-2.6.19\out\services\authService.js:20:67
	at async withRetry (c:\Users\yasva\.vscode\extensions\pythagoratechnologies.pythagora-vs-code-2.6.19\out\utils\axios.js:22:20)
	at async Object.refreshTokens (c:\Users\yasva\.vscode\extensions\pythagoratechnologies.pythagora-vs-code-2.6.19\out\services\authService.js:20:26)
	at async Timeout._onTimeout (c:\Users\yasva\.vscode\extensions\pythagoratechnologies.pythagora-vs-code-2.6.19\out\extension.js:279:13)
Extra context: {
  "code": "ENOTFOUND",
  "message": "getaddrinfo ENOTFOUND api.pythagora.ai"
}
2026-03-17T17:04:15.050Z ERROR Token refresh failed:
Error: getaddrinfo ENOTFOUND api.pythagora.ai
Stack: Error: getaddrinfo ENOTFOUND api.pythagora.ai
	at AxiosError.from (c:\Users\yasva\.vscode\extensions\pythagoratechnologies.pythagora-vs-code-2.6.19\node_modules\axios\dist\node\axios.cjs:857:14)
	at RedirectableRequest.handleRequestError (c:\Users\yasva\.vscode\extensions\pythagoratechnologies.pythagora-vs-code-2.6.19\node_modules\axios\dist\node\axios.cjs:3169:25)
	at RedirectableRequest.emit (node:events:519:28)
	at RedirectableRequest.emit (node:domain:489:12)
	at eventHandlers.<computed> (c:\Users\yasva\.vscode\extensions\pythagoratechnologies.pythagora-vs-code-2.6.19\node_modules\follow-redirects\index.js:49:24)
	at ClientRequest.emit (node:events:531:35)
	at ClientRequest.emit (node:domain:489:12)
	at emitErrorEvent (node:_http_client:107:11)
	at TLSSocket.socketErrorListener (node:_http_client:574:5)
	at TLSSocket.emit (node:events:519:28)
	at TLSSocket.emit (node:domain:489:12)
	at emitErrorNT (node:internal/streams/destroy:170:8)
	at emitErrorCloseNT (node:internal/streams/destroy:129:3)
	at process.processTicksAndRejections (node:internal/process/task_queues:90:21)
	at Axios.request (c:\Users\yasva\.vscode\extensions\pythagoratechnologies.pythagora-vs-code-2.6.19\node_modules\axios\dist\node\axios.cjs:4258:41)
	at process.processTicksAndRejections (node:internal/process/task_queues:105:5)
	at async c:\Users\yasva\.vscode\extensions\pythagoratechnologies.pythagora-vs-code-2.6.19\out\services\authService.js:20:67
	at async withRetry (c:\Users\yasva\.vscode\extensions\pythagoratechnologies.pythagora-vs-code-2.6.19\out\utils\axios.js:22:20)
	at async Object.refreshTokens (c:\Users\yasva\.vscode\extensions\pythagoratechnologies.pythagora-vs-code-2.6.19\out\services\authService.js:20:26)
	at async Timeout._onTimeout (c:\Users\yasva\.vscode\extensions\pythagoratechnologies.pythagora-vs-code-2.6.19\out\extension.js:279:13)
Extra context: {
  "code": "ENOTFOUND",
  "message": "getaddrinfo ENOTFOUND api.pythagora.ai"
}
2026-03-17T17:14:14.947Z ERROR axios failed after all retries:
Error: getaddrinfo ENOTFOUND api.pythagora.ai
Stack: Error: getaddrinfo ENOTFOUND api.pythagora.ai
	at AxiosError.from (c:\Users\yasva\.vscode\extensions\pythagoratechnologies.pythagora-vs-code-2.6.19\node_modules\axios\dist\node\axios.cjs:857:14)
	at RedirectableRequest.handleRequestError (c:\Users\yasva\.vscode\extensions\pythagoratechnologies.pythagora-vs-code-2.6.19\node_modules\axios\dist\node\axios.cjs:3169:25)
	at RedirectableRequest.emit (node:events:519:28)
	at RedirectableRequest.emit (node:domain:489:12)
	at eventHandlers.<computed> (c:\Users\yasva\.vscode\extensions\pythagoratechnologies.pythagora-vs-code-2.6.19\node_modules\follow-redirects\index.js:49:24)
	at ClientRequest.emit (node:events:531:35)
	at ClientRequest.emit (node:domain:489:12)
	at emitErrorEvent (node:_http_client:107:11)
	at TLSSocket.socketErrorListener (node:_http_client:574:5)
	at TLSSocket.emit (node:events:519:28)
	at TLSSocket.emit (node:domain:489:12)
	at emitErrorNT (node:internal/streams/destroy:170:8)
	at emitErrorCloseNT (node:internal/streams/destroy:129:3)
	at process.processTicksAndRejections (node:internal/process/task_queues:90:21)
	at Axios.request (c:\Users\yasva\.vscode\extensions\pythagoratechnologies.pythagora-vs-code-2.6.19\node_modules\axios\dist\node\axios.cjs:4258:41)
	at process.processTicksAndRejections (node:internal/process/task_queues:105:5)
	at async c:\Users\yasva\.vscode\extensions\pythagoratechnologies.pythagora-vs-code-2.6.19\out\services\authService.js:20:67
	at async withRetry (c:\Users\yasva\.vscode\extensions\pythagoratechnologies.pythagora-vs-code-2.6.19\out\utils\axios.js:22:20)
	at async Object.refreshTokens (c:\Users\yasva\.vscode\extensions\pythagoratechnologies.pythagora-vs-code-2.6.19\out\services\authService.js:20:26)
	at async Timeout._onTimeout (c:\Users\yasva\.vscode\extensions\pythagoratechnologies.pythagora-vs-code-2.6.19\out\extension.js:279:13)
Extra context: {
  "code": "ENOTFOUND",
  "message": "getaddrinfo ENOTFOUND api.pythagora.ai"
}
2026-03-17T17:14:14.966Z ERROR Token refresh failed:
Error: getaddrinfo ENOTFOUND api.pythagora.ai
Stack: Error: getaddrinfo ENOTFOUND api.pythagora.ai
	at AxiosError.from (c:\Users\yasva\.vscode\extensions\pythagoratechnologies.pythagora-vs-code-2.6.19\node_modules\axios\dist\node\axios.cjs:857:14)
	at RedirectableRequest.handleRequestError (c:\Users\yasva\.vscode\extensions\pythagoratechnologies.pythagora-vs-code-2.6.19\node_modules\axios\dist\node\axios.cjs:3169:25)
	at RedirectableRequest.emit (node:events:519:28)
	at RedirectableRequest.emit (node:domain:489:12)
	at eventHandlers.<computed> (c:\Users\yasva\.vscode\extensions\pythagoratechnologies.pythagora-vs-code-2.6.19\node_modules\follow-redirects\index.js:49:24)
	at ClientRequest.emit (node:events:531:35)
	at ClientRequest.emit (node:domain:489:12)
	at emitErrorEvent (node:_http_client:107:11)
	at TLSSocket.socketErrorListener (node:_http_client:574:5)
	at TLSSocket.emit (node:events:519:28)
	at TLSSocket.emit (node:domain:489:12)
	at emitErrorNT (node:internal/streams/destroy:170:8)
	at emitErrorCloseNT (node:internal/streams/destroy:129:3)
	at process.processTicksAndRejections (node:internal/process/task_queues:90:21)
	at Axios.request (c:\Users\yasva\.vscode\extensions\pythagoratechnologies.pythagora-vs-code-2.6.19\node_modules\axios\dist\node\axios.cjs:4258:41)
	at process.processTicksAndRejections (node:internal/process/task_queues:105:5)
	at async c:\Users\yasva\.vscode\extensions\pythagoratechnologies.pythagora-vs-code-2.6.19\out\services\authService.js:20:67
	at async withRetry (c:\Users\yasva\.vscode\extensions\pythagoratechnologies.pythagora-vs-code-2.6.19\out\utils\axios.js:22:20)
	at async Object.refreshTokens (c:\Users\yasva\.vscode\extensions\pythagoratechnologies.pythagora-vs-code-2.6.19\out\services\authService.js:20:26)
	at async Timeout._onTimeout (c:\Users\yasva\.vscode\extensions\pythagoratechnologies.pythagora-vs-code-2.6.19\out\extension.js:279:13)
Extra context: {
  "code": "ENOTFOUND",
  "message": "getaddrinfo ENOTFOUND api.pythagora.ai"
}
2026-03-17T17:18:38.889Z INFO Is remote: false
2026-03-17T17:18:38.897Z INFO Starting Local. Installation path: c:\
2026-03-17T17:18:38.904Z INFO [MainProvider] Creating new MainProvider instance...
2026-03-17T17:18:38.915Z INFO [TabsManager] Code view listener set up at initialization
2026-03-17T17:18:38.923Z INFO Installation path exists: c:\
2026-03-17T17:18:38.930Z INFO Initializing database with URL: file:c:\pythagora-core\data\database\pythagora.db
2026-03-17T17:18:38.953Z INFO Database file exists, skipping prisma generate/push for faster startup
2026-03-17T17:18:38.956Z INFO Database initialized successfully
2026-03-17T17:18:38.963Z INFO [Migration] Checking for database migration...
2026-03-17T17:18:40.494Z INFO [Migration] No migration needed
2026-03-17T17:26:23.739Z INFO [TabsManager] First file opened, triggering split view
2026-03-17T17:26:23.740Z INFO [MainProvider] First file opened, creating split view
